# JRE version: OpenJDK Runtime Environment (21.0.9) (build 21.0.9+-14649483-b1163.86)
# Java VM: OpenJDK 64-Bit Server VM (21.0.9+-14649483-b1163.86, mixed mode, tiered, compressed oops, compressed class ptrs, g1 gc, windows-amd64)
GC Precious Log:
 CardTable entry size: 512
 Card Set container configuration: InlinePtr #cards 4 size 8 Array Of Cards #cards 16 size 48 Howl #buckets 8 coarsen threshold 3686 Howl Bitmap #cards 512 size 80 coarsen threshold 460 Card regions per heap region 1 cards per card region 4096
 CPUs: 8 total, 8 available
 Memory: 5877M
 Large Page Support: Disabled
 NUMA Support: Disabled
 Compressed Oops: Enabled (Zero based)
 Heap Region Size: 2M
 Heap Min Capacity: 8M
 Heap Initial Capacity: 92M
 Heap Max Capacity: 4G
 Pre-touch: Disabled
 Parallel Workers: 8
 Concurrent Workers: 2
 Concurrent Refinement Workers: 8
 Periodic GC: Disabled
Heap:
 garbage-first heap   total 184320K, used 56802K [0x0000000700000000, 0x0000000800000000)
  region size 2048K, 4 young (8192K), 4 survivors (8192K)
 Metaspace       used 63207K, committed 64768K, reserved 1114112K
  class space    used 8702K, committed 9472K, reserved 1048576K
GC Heap History (20 events):
Event: 96.636 GC heap after
{Heap after GC invocations=39 (full 0):
 garbage-first heap   total 126976K, used 50434K [0x0000000700000000, 0x0000000800000000)
  region size 2048K, 3 young (6144K), 3 survivors (6144K)
 Metaspace       used 63186K, committed 64768K, reserved 1114112K
  class space    used 8702K, committed 9472K, reserved 1048576K
}
Event: 96.925 GC heap before
{Heap before GC invocations=39 (full 0):
 garbage-first heap   total 126976K, used 115970K [0x0000000700000000, 0x0000000800000000)
  region size 2048K, 35 young (71680K), 3 survivors (6144K)
 Metaspace       used 63190K, committed 64768K, reserved 1114112K
  class space    used 8702K, committed 9472K, reserved 1048576K
}
Event: 96.929 GC heap after
{Heap after GC invocations=40 (full 0):
 garbage-first heap   total 126976K, used 51502K [0x0000000700000000, 0x0000000800000000)
  region size 2048K, 3 young (6144K), 3 survivors (6144K)
 Metaspace       used 63190K, committed 64768K, reserved 1114112K
  class space    used 8702K, committed 9472K, reserved 1048576K
}
Event: 97.086 GC heap before
{Heap before GC invocations=40 (full 0):
 garbage-first heap   total 126976K, used 117038K [0x0000000700000000, 0x0000000800000000)
  region size 2048K, 35 young (71680K), 3 survivors (6144K)
 Metaspace       used 63193K, committed 64768K, reserved 1114112K
  class space    used 8702K, committed 9472K, reserved 1048576K
}
Event: 97.089 GC heap after
{Heap after GC invocations=41 (full 0):
 garbage-first heap   total 153600K, used 51851K [0x0000000700000000, 0x0000000800000000)
  region size 2048K, 3 young (6144K), 3 survivors (6144K)
 Metaspace       used 63193K, committed 64768K, reserved 1114112K
  class space    used 8702K, committed 9472K, reserved 1048576K
}
Event: 97.280 GC heap before
{Heap before GC invocations=41 (full 0):
 garbage-first heap   total 153600K, used 137867K [0x0000000700000000, 0x0000000800000000)
  region size 2048K, 45 young (92160K), 3 survivors (6144K)
 Metaspace       used 63193K, committed 64768K, reserved 1114112K
  class space    used 8702K, committed 9472K, reserved 1048576K
}
Event: 97.283 GC heap after
{Heap after GC invocations=42 (full 0):
 garbage-first heap   total 153600K, used 52135K [0x0000000700000000, 0x0000000800000000)
  region size 2048K, 3 young (6144K), 3 survivors (6144K)
 Metaspace       used 63193K, committed 64768K, reserved 1114112K
  class space    used 8702K, committed 9472K, reserved 1048576K
}
Event: 97.465 GC heap before
{Heap before GC invocations=42 (full 0):
 garbage-first heap   total 153600K, used 138151K [0x0000000700000000, 0x0000000800000000)
  region size 2048K, 45 young (92160K), 3 survivors (6144K)
 Metaspace       used 63193K, committed 64768K, reserved 1114112K
  class space    used 8702K, committed 9472K, reserved 1048576K
}
Event: 97.469 GC heap after
{Heap after GC invocations=43 (full 0):
 garbage-first heap   total 153600K, used 52523K [0x0000000700000000, 0x0000000800000000)
  region size 2048K, 3 young (6144K), 3 survivors (6144K)
 Metaspace       used 63193K, committed 64768K, reserved 1114112K
  class space    used 8702K, committed 9472K, reserved 1048576K
}
Event: 97.645 GC heap before
{Heap before GC invocations=43 (full 0):
 garbage-first heap   total 153600K, used 138539K [0x0000000700000000, 0x0000000800000000)
  region size 2048K, 45 young (92160K), 3 survivors (6144K)
 Metaspace       used 63193K, committed 64768K, reserved 1114112K
  class space    used 8702K, committed 9472K, reserved 1048576K
}
Event: 97.649 GC heap after
{Heap after GC invocations=44 (full 0):
 garbage-first heap   total 153600K, used 53257K [0x0000000700000000, 0x0000000800000000)
  region size 2048K, 4 young (8192K), 4 survivors (8192K)
 Metaspace       used 63193K, committed 64768K, reserved 1114112K
  class space    used 8702K, committed 9472K, reserved 1048576K
}
Event: 97.814 GC heap before
{Heap before GC invocations=44 (full 0):
 garbage-first heap   total 153600K, used 137225K [0x0000000700000000, 0x0000000800000000)
  region size 2048K, 45 young (92160K), 4 survivors (8192K)
 Metaspace       used 63194K, committed 64768K, reserved 1114112K
  class space    used 8702K, committed 9472K, reserved 1048576K
}
Event: 97.818 GC heap after
{Heap after GC invocations=45 (full 0):
 garbage-first heap   total 184320K, used 53713K [0x0000000700000000, 0x0000000800000000)
  region size 2048K, 4 young (8192K), 4 survivors (8192K)
 Metaspace       used 63194K, committed 64768K, reserved 1114112K
  class space    used 8702K, committed 9472K, reserved 1048576K
}
Event: 98.108 GC heap before
{Heap before GC invocations=45 (full 0):
 garbage-first heap   total 184320K, used 156113K [0x0000000700000000, 0x0000000800000000)
  region size 2048K, 54 young (110592K), 4 survivors (8192K)
 Metaspace       used 63203K, committed 64768K, reserved 1114112K
  class space    used 8702K, committed 9472K, reserved 1048576K
}
Event: 98.112 GC heap after
{Heap after GC invocations=46 (full 0):
 garbage-first heap   total 184320K, used 53992K [0x0000000700000000, 0x0000000800000000)
  region size 2048K, 4 young (8192K), 4 survivors (8192K)
 Metaspace       used 63203K, committed 64768K, reserved 1114112K
  class space    used 8702K, committed 9472K, reserved 1048576K
}
Event: 98.498 GC heap before
{Heap before GC invocations=46 (full 0):
 garbage-first heap   total 184320K, used 156392K [0x0000000700000000, 0x0000000800000000)
  region size 2048K, 54 young (110592K), 4 survivors (8192K)
 Metaspace       used 63204K, committed 64768K, reserved 1114112K
  class space    used 8702K, committed 9472K, reserved 1048576K
}
Event: 98.503 GC heap after
{Heap after GC invocations=47 (full 0):
 garbage-first heap   total 184320K, used 55143K [0x0000000700000000, 0x0000000800000000)
  region size 2048K, 4 young (8192K), 4 survivors (8192K)
 Metaspace       used 63204K, committed 64768K, reserved 1114112K
  class space    used 8702K, committed 9472K, reserved 1048576K
}
Event: 98.905 GC heap before
{Heap before GC invocations=47 (full 0):
 garbage-first heap   total 184320K, used 157543K [0x0000000700000000, 0x0000000800000000)
  region size 2048K, 54 young (110592K), 4 survivors (8192K)
 Metaspace       used 63207K, committed 64768K, reserved 1114112K
  class space    used 8702K, committed 9472K, reserved 1048576K
}
Event: 98.910 GC heap after
{Heap after GC invocations=48 (full 0):
 garbage-first heap   total 184320K, used 55550K [0x0000000700000000, 0x0000000800000000)
  region size 2048K, 4 young (8192K), 4 survivors (8192K)
 Metaspace       used 63207K, committed 64768K, reserved 1114112K
  class space    used 8702K, committed 9472K, reserved 1048576K
}
Event: 99.317 GC heap before
{Heap before GC invocations=48 (full 0):
 garbage-first heap   total 184320K, used 157950K [0x0000000700000000, 0x0000000800000000)
  region size 2048K, 54 young (110592K), 4 survivors (8192K)
 Metaspace       used 63207K, committed 64768K, reserved 1114112K
  class space    used 8702K, committed 9472K, reserved 1048576K
}

