# JRE version: OpenJDK Runtime Environment (21.0.9) (build 21.0.9+-14649483-b1163.86)
# Java VM: OpenJDK 64-Bit Server VM (21.0.9+-14649483-b1163.86, mixed mode, tiered, compressed oops, compressed class ptrs, g1 gc, windows-amd64)
GC Precious Log:
 CardTable entry size: 512
 Card Set container configuration: InlinePtr #cards 4 size 8 Array Of Cards #cards 16 size 48 Howl #buckets 8 coarsen threshold 3686 Howl Bitmap #cards 512 size 80 coarsen threshold 460 Card regions per heap region 1 cards per card region 4096
 CPUs: 8 total, 8 available
 Memory: 5877M
 Large Page Support: Disabled
 NUMA Support: Disabled
 Compressed Oops: Enabled (Zero based)
 Heap Region Size: 2M
 Heap Min Capacity: 8M
 Heap Initial Capacity: 92M
 Heap Max Capacity: 4G
 Pre-touch: Disabled
 Parallel Workers: 8
 Concurrent Workers: 2
 Concurrent Refinement Workers: 8
 Periodic GC: Disabled
Heap:
 garbage-first heap   total 335872K, used 109218K [0x0000000700000000, 0x0000000800000000)
  region size 2048K, 8 young (16384K), 8 survivors (16384K)
 Metaspace       used 69295K, committed 70912K, reserved 1114112K
  class space    used 9470K, committed 10240K, reserved 1048576K
GC Heap History (20 events):
Event: 174.758 GC heap after
{Heap after GC invocations=71 (full 0):
 garbage-first heap   total 278528K, used 97601K [0x0000000700000000, 0x0000000800000000)
  region size 2048K, 6 young (12288K), 6 survivors (12288K)
 Metaspace       used 69290K, committed 70912K, reserved 1114112K
  class space    used 9470K, committed 10240K, reserved 1048576K
}
Event: 175.431 GC heap before
{Heap before GC invocations=72 (full 0):
 garbage-first heap   total 278528K, used 251201K [0x0000000700000000, 0x0000000800000000)
  region size 2048K, 81 young (165888K), 6 survivors (12288K)
 Metaspace       used 69292K, committed 70912K, reserved 1114112K
  class space    used 9470K, committed 10240K, reserved 1048576K
}
Event: 175.440 GC heap after
{Heap after GC invocations=73 (full 0):
 garbage-first heap   total 278528K, used 99084K [0x0000000700000000, 0x0000000800000000)
  region size 2048K, 6 young (12288K), 6 survivors (12288K)
 Metaspace       used 69292K, committed 70912K, reserved 1114112K
  class space    used 9470K, committed 10240K, reserved 1048576K
}
Event: 176.084 GC heap before
{Heap before GC invocations=73 (full 0):
 garbage-first heap   total 278528K, used 252684K [0x0000000700000000, 0x0000000800000000)
  region size 2048K, 81 young (165888K), 6 survivors (12288K)
 Metaspace       used 69292K, committed 70912K, reserved 1114112K
  class space    used 9470K, committed 10240K, reserved 1048576K
}
Event: 176.094 GC heap after
{Heap after GC invocations=74 (full 0):
 garbage-first heap   total 278528K, used 99872K [0x0000000700000000, 0x0000000800000000)
  region size 2048K, 6 young (12288K), 6 survivors (12288K)
 Metaspace       used 69292K, committed 70912K, reserved 1114112K
  class space    used 9470K, committed 10240K, reserved 1048576K
}
Event: 176.695 GC heap before
{Heap before GC invocations=75 (full 0):
 garbage-first heap   total 278528K, used 253472K [0x0000000700000000, 0x0000000800000000)
  region size 2048K, 81 young (165888K), 6 survivors (12288K)
 Metaspace       used 69292K, committed 70912K, reserved 1114112K
  class space    used 9470K, committed 10240K, reserved 1048576K
}
Event: 176.706 GC heap after
{Heap after GC invocations=76 (full 0):
 garbage-first heap   total 335872K, used 100540K [0x0000000700000000, 0x0000000800000000)
  region size 2048K, 7 young (14336K), 7 survivors (14336K)
 Metaspace       used 69292K, committed 70912K, reserved 1114112K
  class space    used 9470K, committed 10240K, reserved 1048576K
}
Event: 177.571 GC heap before
{Heap before GC invocations=76 (full 0):
 garbage-first heap   total 335872K, used 286908K [0x0000000700000000, 0x0000000800000000)
  region size 2048K, 98 young (200704K), 7 survivors (14336K)
 Metaspace       used 69292K, committed 70912K, reserved 1114112K
  class space    used 9470K, committed 10240K, reserved 1048576K
}
Event: 177.581 GC heap after
{Heap after GC invocations=77 (full 0):
 garbage-first heap   total 335872K, used 102972K [0x0000000700000000, 0x0000000800000000)
  region size 2048K, 8 young (16384K), 8 survivors (16384K)
 Metaspace       used 69292K, committed 70912K, reserved 1114112K
  class space    used 9470K, committed 10240K, reserved 1048576K
}
Event: 178.750 GC heap before
{Heap before GC invocations=77 (full 0):
 garbage-first heap   total 335872K, used 287292K [0x0000000700000000, 0x0000000800000000)
  region size 2048K, 98 young (200704K), 8 survivors (16384K)
 Metaspace       used 69293K, committed 70912K, reserved 1114112K
  class space    used 9470K, committed 10240K, reserved 1048576K
}
Event: 178.765 GC heap after
{Heap after GC invocations=78 (full 0):
 garbage-first heap   total 335872K, used 103800K [0x0000000700000000, 0x0000000800000000)
  region size 2048K, 7 young (14336K), 7 survivors (14336K)
 Metaspace       used 69293K, committed 70912K, reserved 1114112K
  class space    used 9470K, committed 10240K, reserved 1048576K
}
Event: 180.093 GC heap before
{Heap before GC invocations=78 (full 0):
 garbage-first heap   total 335872K, used 290168K [0x0000000700000000, 0x0000000800000000)
  region size 2048K, 98 young (200704K), 7 survivors (14336K)
 Metaspace       used 69293K, committed 70912K, reserved 1114112K
  class space    used 9470K, committed 10240K, reserved 1048576K
}
Event: 180.104 GC heap after
{Heap after GC invocations=79 (full 0):
 garbage-first heap   total 335872K, used 105822K [0x0000000700000000, 0x0000000800000000)
  region size 2048K, 8 young (16384K), 8 survivors (16384K)
 Metaspace       used 69293K, committed 70912K, reserved 1114112K
  class space    used 9470K, committed 10240K, reserved 1048576K
}
Event: 180.763 GC heap before
{Heap before GC invocations=79 (full 0):
 garbage-first heap   total 335872K, used 290142K [0x0000000700000000, 0x0000000800000000)
  region size 2048K, 98 young (200704K), 8 survivors (16384K)
 Metaspace       used 69294K, committed 70912K, reserved 1114112K
  class space    used 9470K, committed 10240K, reserved 1048576K
}
Event: 180.771 GC heap after
{Heap after GC invocations=80 (full 0):
 garbage-first heap   total 335872K, used 106487K [0x0000000700000000, 0x0000000800000000)
  region size 2048K, 8 young (16384K), 8 survivors (16384K)
 Metaspace       used 69294K, committed 70912K, reserved 1114112K
  class space    used 9470K, committed 10240K, reserved 1048576K
}
Event: 181.358 GC heap before
{Heap before GC invocations=80 (full 0):
 garbage-first heap   total 335872K, used 290807K [0x0000000700000000, 0x0000000800000000)
  region size 2048K, 98 young (200704K), 8 survivors (16384K)
 Metaspace       used 69294K, committed 70912K, reserved 1114112K
  class space    used 9470K, committed 10240K, reserved 1048576K
}
Event: 181.369 GC heap after
{Heap after GC invocations=81 (full 0):
 garbage-first heap   total 335872K, used 107252K [0x0000000700000000, 0x0000000800000000)
  region size 2048K, 8 young (16384K), 8 survivors (16384K)
 Metaspace       used 69294K, committed 70912K, reserved 1114112K
  class space    used 9470K, committed 10240K, reserved 1048576K
}
Event: 182.237 GC heap before
{Heap before GC invocations=81 (full 0):
 garbage-first heap   total 335872K, used 291572K [0x0000000700000000, 0x0000000800000000)
  region size 2048K, 98 young (200704K), 8 survivors (16384K)
 Metaspace       used 69294K, committed 70912K, reserved 1114112K
  class space    used 9470K, committed 10240K, reserved 1048576K
}
Event: 182.253 GC heap after
{Heap after GC invocations=82 (full 0):
 garbage-first heap   total 335872K, used 108551K [0x0000000700000000, 0x0000000800000000)
  region size 2048K, 8 young (16384K), 8 survivors (16384K)
 Metaspace       used 69294K, committed 70912K, reserved 1114112K
  class space    used 9470K, committed 10240K, reserved 1048576K
}
Event: 183.052 GC heap before
{Heap before GC invocations=82 (full 0):
 garbage-first heap   total 335872K, used 292871K [0x0000000700000000, 0x0000000800000000)
  region size 2048K, 98 young (200704K), 8 survivors (16384K)
 Metaspace       used 69295K, committed 70912K, reserved 1114112K
  class space    used 9470K, committed 10240K, reserved 1048576K
}

