# JRE version: OpenJDK Runtime Environment (21.0.9) (build 21.0.9+-14649483-b1163.86)
# Java VM: OpenJDK 64-Bit Server VM (21.0.9+-14649483-b1163.86, mixed mode, tiered, compressed oops, compressed class ptrs, g1 gc, windows-amd64)
GC Precious Log:
 CardTable entry size: 512
 Card Set container configuration: InlinePtr #cards 4 size 8 Array Of Cards #cards 16 size 48 Howl #buckets 8 coarsen threshold 3686 Howl Bitmap #cards 512 size 80 coarsen threshold 460 Card regions per heap region 1 cards per card region 4096
 CPUs: 8 total, 8 available
 Memory: 5877M
 Large Page Support: Disabled
 NUMA Support: Disabled
 Compressed Oops: Enabled (Zero based)
 Heap Region Size: 2M
 Heap Min Capacity: 8M
 Heap Initial Capacity: 92M
 Heap Max Capacity: 4G
 Pre-touch: Disabled
 Parallel Workers: 8
 Concurrent Workers: 2
 Concurrent Refinement Workers: 8
 Periodic GC: Disabled
Heap:
 garbage-first heap   total 215040K, used 99883K [0x0000000700000000, 0x0000000800000000)
  region size 2048K, 16 young (32768K), 1 survivors (2048K)
 Metaspace       used 71159K, committed 72768K, reserved 1114112K
  class space    used 9726K, committed 10496K, reserved 1048576K
GC Heap History (20 events):
Event: 167.582 GC heap after
{Heap after GC invocations=42 (full 0):
 garbage-first heap   total 176128K, used 65510K [0x0000000700000000, 0x0000000800000000)
  region size 2048K, 3 young (6144K), 3 survivors (6144K)
 Metaspace       used 71136K, committed 72768K, reserved 1114112K
  class space    used 9723K, committed 10496K, reserved 1048576K
}
Event: 168.304 GC heap before
{Heap before GC invocations=42 (full 0):
 garbage-first heap   total 176128K, used 163814K [0x0000000700000000, 0x0000000800000000)
  region size 2048K, 51 young (104448K), 3 survivors (6144K)
 Metaspace       used 71138K, committed 72768K, reserved 1114112K
  class space    used 9723K, committed 10496K, reserved 1048576K
}
Event: 168.311 GC heap after
{Heap after GC invocations=43 (full 0):
 garbage-first heap   total 176128K, used 65358K [0x0000000700000000, 0x0000000800000000)
  region size 2048K, 3 young (6144K), 3 survivors (6144K)
 Metaspace       used 71138K, committed 72768K, reserved 1114112K
  class space    used 9723K, committed 10496K, reserved 1048576K
}
Event: 169.235 GC heap before
{Heap before GC invocations=44 (full 0):
 garbage-first heap   total 176128K, used 163662K [0x0000000700000000, 0x0000000800000000)
  region size 2048K, 51 young (104448K), 3 survivors (6144K)
 Metaspace       used 71169K, committed 72768K, reserved 1114112K
  class space    used 9730K, committed 10496K, reserved 1048576K
}
Event: 169.244 GC heap after
{Heap after GC invocations=45 (full 0):
 garbage-first heap   total 176128K, used 66319K [0x0000000700000000, 0x0000000800000000)
  region size 2048K, 3 young (6144K), 3 survivors (6144K)
 Metaspace       used 71169K, committed 72768K, reserved 1114112K
  class space    used 9730K, committed 10496K, reserved 1048576K
}
Event: 169.748 GC heap before
{Heap before GC invocations=45 (full 0):
 garbage-first heap   total 176128K, used 164623K [0x0000000700000000, 0x0000000800000000)
  region size 2048K, 51 young (104448K), 3 survivors (6144K)
 Metaspace       used 71171K, committed 72768K, reserved 1114112K
  class space    used 9730K, committed 10496K, reserved 1048576K
}
Event: 169.761 GC heap after
{Heap after GC invocations=46 (full 0):
 garbage-first heap   total 176128K, used 66479K [0x0000000700000000, 0x0000000800000000)
  region size 2048K, 4 young (8192K), 4 survivors (8192K)
 Metaspace       used 71171K, committed 72768K, reserved 1114112K
  class space    used 9730K, committed 10496K, reserved 1048576K
}
Event: 170.609 GC heap before
{Heap before GC invocations=46 (full 0):
 garbage-first heap   total 176128K, used 162735K [0x0000000700000000, 0x0000000800000000)
  region size 2048K, 51 young (104448K), 4 survivors (8192K)
 Metaspace       used 71176K, committed 72768K, reserved 1114112K
  class space    used 9731K, committed 10496K, reserved 1048576K
}
Event: 170.616 GC heap after
{Heap after GC invocations=47 (full 0):
 garbage-first heap   total 176128K, used 67244K [0x0000000700000000, 0x0000000800000000)
  region size 2048K, 4 young (8192K), 4 survivors (8192K)
 Metaspace       used 71176K, committed 72768K, reserved 1114112K
  class space    used 9731K, committed 10496K, reserved 1048576K
}
Event: 171.333 GC heap before
{Heap before GC invocations=48 (full 0):
 garbage-first heap   total 176128K, used 163500K [0x0000000700000000, 0x0000000800000000)
  region size 2048K, 51 young (104448K), 4 survivors (8192K)
 Metaspace       used 71176K, committed 72768K, reserved 1114112K
  class space    used 9731K, committed 10496K, reserved 1048576K
}
Event: 171.353 GC heap after
{Heap after GC invocations=49 (full 0):
 garbage-first heap   total 176128K, used 67869K [0x0000000700000000, 0x0000000800000000)
  region size 2048K, 4 young (8192K), 4 survivors (8192K)
 Metaspace       used 71176K, committed 72768K, reserved 1114112K
  class space    used 9731K, committed 10496K, reserved 1048576K
}
Event: 172.010 GC heap before
{Heap before GC invocations=49 (full 0):
 garbage-first heap   total 176128K, used 164125K [0x0000000700000000, 0x0000000800000000)
  region size 2048K, 51 young (104448K), 4 survivors (8192K)
 Metaspace       used 71176K, committed 72768K, reserved 1114112K
  class space    used 9731K, committed 10496K, reserved 1048576K
}
Event: 172.023 GC heap after
{Heap after GC invocations=50 (full 0):
 garbage-first heap   total 215040K, used 68226K [0x0000000700000000, 0x0000000800000000)
  region size 2048K, 4 young (8192K), 4 survivors (8192K)
 Metaspace       used 71176K, committed 72768K, reserved 1114112K
  class space    used 9731K, committed 10496K, reserved 1048576K
}
Event: 172.541 GC heap before
{Heap before GC invocations=50 (full 0):
 garbage-first heap   total 215040K, used 189058K [0x0000000700000000, 0x0000000800000000)
  region size 2048K, 63 young (129024K), 4 survivors (8192K)
 Metaspace       used 71176K, committed 72768K, reserved 1114112K
  class space    used 9731K, committed 10496K, reserved 1048576K
}
Event: 172.547 GC heap after
{Heap after GC invocations=51 (full 0):
 garbage-first heap   total 215040K, used 68932K [0x0000000700000000, 0x0000000800000000)
  region size 2048K, 4 young (8192K), 4 survivors (8192K)
 Metaspace       used 71176K, committed 72768K, reserved 1114112K
  class space    used 9731K, committed 10496K, reserved 1048576K
}
Event: 173.205 GC heap before
{Heap before GC invocations=51 (full 0):
 garbage-first heap   total 215040K, used 189764K [0x0000000700000000, 0x0000000800000000)
  region size 2048K, 63 young (129024K), 4 survivors (8192K)
 Metaspace       used 71181K, committed 72768K, reserved 1114112K
  class space    used 9731K, committed 10496K, reserved 1048576K
}
Event: 173.211 GC heap after
{Heap after GC invocations=52 (full 0):
 garbage-first heap   total 215040K, used 70392K [0x0000000700000000, 0x0000000800000000)
  region size 2048K, 4 young (8192K), 4 survivors (8192K)
 Metaspace       used 71181K, committed 72768K, reserved 1114112K
  class space    used 9731K, committed 10496K, reserved 1048576K
}
Event: 173.624 GC heap before
{Heap before GC invocations=52 (full 0):
 garbage-first heap   total 215040K, used 191224K [0x0000000700000000, 0x0000000800000000)
  region size 2048K, 63 young (129024K), 4 survivors (8192K)
 Metaspace       used 71181K, committed 72768K, reserved 1114112K
  class space    used 9731K, committed 10496K, reserved 1048576K
}
Event: 173.631 GC heap after
{Heap after GC invocations=53 (full 0):
 garbage-first heap   total 215040K, used 70493K [0x0000000700000000, 0x0000000800000000)
  region size 2048K, 4 young (8192K), 4 survivors (8192K)
 Metaspace       used 71181K, committed 72768K, reserved 1114112K
  class space    used 9731K, committed 10496K, reserved 1048576K
}
Event: 174.186 GC heap before
{Heap before GC invocations=54 (full 0):
 garbage-first heap   total 215040K, used 191325K [0x0000000700000000, 0x0000000800000000)
  region size 2048K, 63 young (129024K), 4 survivors (8192K)
 Metaspace       used 71159K, committed 72768K, reserved 1114112K
  class space    used 9726K, committed 10496K, reserved 1048576K
}

