# JRE version: OpenJDK Runtime Environment (21.0.9) (build 21.0.9+-14649483-b1163.86)
# Java VM: OpenJDK 64-Bit Server VM (21.0.9+-14649483-b1163.86, mixed mode, tiered, compressed oops, compressed class ptrs, g1 gc, windows-amd64)
GC Precious Log:
 CardTable entry size: 512
 Card Set container configuration: InlinePtr #cards 4 size 8 Array Of Cards #cards 16 size 48 Howl #buckets 8 coarsen threshold 3686 Howl Bitmap #cards 512 size 80 coarsen threshold 460 Card regions per heap region 1 cards per card region 4096
 CPUs: 8 total, 8 available
 Memory: 5877M
 Large Page Support: Disabled
 NUMA Support: Disabled
 Compressed Oops: Enabled (Zero based)
 Heap Region Size: 2M
 Heap Min Capacity: 8M
 Heap Initial Capacity: 92M
 Heap Max Capacity: 4G
 Pre-touch: Disabled
 Parallel Workers: 8
 Concurrent Workers: 2
 Concurrent Refinement Workers: 8
 Periodic GC: Disabled
Heap:
 garbage-first heap   total 256000K, used 88877K [0x0000000700000000, 0x0000000800000000)
  region size 2048K, 6 young (12288K), 6 survivors (12288K)
 Metaspace       used 61131K, committed 62720K, reserved 1114112K
  class space    used 8395K, committed 9152K, reserved 1048576K
GC Heap History (20 events):
Event: 63.092 GC heap after
{Heap after GC invocations=75 (full 0):
 garbage-first heap   total 212992K, used 81419K [0x0000000700000000, 0x0000000800000000)
  region size 2048K, 4 young (8192K), 4 survivors (8192K)
 Metaspace       used 61127K, committed 62720K, reserved 1114112K
  class space    used 8395K, committed 9152K, reserved 1048576K
}
Event: 63.892 GC heap before
{Heap before GC invocations=76 (full 0):
 garbage-first heap   total 212992K, used 198155K [0x0000000700000000, 0x0000000800000000)
  region size 2048K, 61 young (124928K), 4 survivors (8192K)
 Metaspace       used 61127K, committed 62720K, reserved 1114112K
  class space    used 8395K, committed 9152K, reserved 1048576K
}
Event: 63.900 GC heap after
{Heap after GC invocations=77 (full 0):
 garbage-first heap   total 212992K, used 82213K [0x0000000700000000, 0x0000000800000000)
  region size 2048K, 4 young (8192K), 4 survivors (8192K)
 Metaspace       used 61127K, committed 62720K, reserved 1114112K
  class space    used 8395K, committed 9152K, reserved 1048576K
}
Event: 64.345 GC heap before
{Heap before GC invocations=77 (full 0):
 garbage-first heap   total 212992K, used 198949K [0x0000000700000000, 0x0000000800000000)
  region size 2048K, 61 young (124928K), 4 survivors (8192K)
 Metaspace       used 61127K, committed 62720K, reserved 1114112K
  class space    used 8395K, committed 9152K, reserved 1048576K
}
Event: 64.352 GC heap after
{Heap after GC invocations=78 (full 0):
 garbage-first heap   total 212992K, used 82931K [0x0000000700000000, 0x0000000800000000)
  region size 2048K, 5 young (10240K), 5 survivors (10240K)
 Metaspace       used 61127K, committed 62720K, reserved 1114112K
  class space    used 8395K, committed 9152K, reserved 1048576K
}
Event: 64.686 GC heap before
{Heap before GC invocations=79 (full 0):
 garbage-first heap   total 212992K, used 197619K [0x0000000700000000, 0x0000000800000000)
  region size 2048K, 61 young (124928K), 5 survivors (10240K)
 Metaspace       used 61127K, committed 62720K, reserved 1114112K
  class space    used 8395K, committed 9152K, reserved 1048576K
}
Event: 64.694 GC heap after
{Heap after GC invocations=80 (full 0):
 garbage-first heap   total 212992K, used 83487K [0x0000000700000000, 0x0000000800000000)
  region size 2048K, 5 young (10240K), 5 survivors (10240K)
 Metaspace       used 61127K, committed 62720K, reserved 1114112K
  class space    used 8395K, committed 9152K, reserved 1048576K
}
Event: 65.156 GC heap before
{Heap before GC invocations=80 (full 0):
 garbage-first heap   total 212992K, used 198175K [0x0000000700000000, 0x0000000800000000)
  region size 2048K, 61 young (124928K), 5 survivors (10240K)
 Metaspace       used 61128K, committed 62720K, reserved 1114112K
  class space    used 8395K, committed 9152K, reserved 1048576K
}
Event: 65.162 GC heap after
{Heap after GC invocations=81 (full 0):
 garbage-first heap   total 212992K, used 84282K [0x0000000700000000, 0x0000000800000000)
  region size 2048K, 5 young (10240K), 5 survivors (10240K)
 Metaspace       used 61128K, committed 62720K, reserved 1114112K
  class space    used 8395K, committed 9152K, reserved 1048576K
}
Event: 65.593 GC heap before
{Heap before GC invocations=82 (full 0):
 garbage-first heap   total 212992K, used 198970K [0x0000000700000000, 0x0000000800000000)
  region size 2048K, 61 young (124928K), 5 survivors (10240K)
 Metaspace       used 61128K, committed 62720K, reserved 1114112K
  class space    used 8395K, committed 9152K, reserved 1048576K
}
Event: 65.601 GC heap after
{Heap after GC invocations=83 (full 0):
 garbage-first heap   total 212992K, used 85109K [0x0000000700000000, 0x0000000800000000)
  region size 2048K, 5 young (10240K), 5 survivors (10240K)
 Metaspace       used 61128K, committed 62720K, reserved 1114112K
  class space    used 8395K, committed 9152K, reserved 1048576K
}
Event: 65.890 GC heap before
{Heap before GC invocations=83 (full 0):
 garbage-first heap   total 212992K, used 199797K [0x0000000700000000, 0x0000000800000000)
  region size 2048K, 61 young (124928K), 5 survivors (10240K)
 Metaspace       used 61128K, committed 62720K, reserved 1114112K
  class space    used 8395K, committed 9152K, reserved 1048576K
}
Event: 65.898 GC heap after
{Heap after GC invocations=84 (full 0):
 garbage-first heap   total 256000K, used 86294K [0x0000000700000000, 0x0000000800000000)
  region size 2048K, 5 young (10240K), 5 survivors (10240K)
 Metaspace       used 61128K, committed 62720K, reserved 1114112K
  class space    used 8395K, committed 9152K, reserved 1048576K
}
Event: 66.369 GC heap before
{Heap before GC invocations=85 (full 0):
 garbage-first heap   total 256000K, used 229654K [0x0000000700000000, 0x0000000800000000)
  region size 2048K, 75 young (153600K), 5 survivors (10240K)
 Metaspace       used 61128K, committed 62720K, reserved 1114112K
  class space    used 8395K, committed 9152K, reserved 1048576K
}
Event: 66.377 GC heap after
{Heap after GC invocations=86 (full 0):
 garbage-first heap   total 256000K, used 86662K [0x0000000700000000, 0x0000000800000000)
  region size 2048K, 5 young (10240K), 5 survivors (10240K)
 Metaspace       used 61128K, committed 62720K, reserved 1114112K
  class space    used 8395K, committed 9152K, reserved 1048576K
}
Event: 66.929 GC heap before
{Heap before GC invocations=86 (full 0):
 garbage-first heap   total 256000K, used 230022K [0x0000000700000000, 0x0000000800000000)
  region size 2048K, 75 young (153600K), 5 survivors (10240K)
 Metaspace       used 61129K, committed 62720K, reserved 1114112K
  class space    used 8395K, committed 9152K, reserved 1048576K
}
Event: 66.939 GC heap after
{Heap after GC invocations=87 (full 0):
 garbage-first heap   total 256000K, used 87137K [0x0000000700000000, 0x0000000800000000)
  region size 2048K, 5 young (10240K), 5 survivors (10240K)
 Metaspace       used 61129K, committed 62720K, reserved 1114112K
  class space    used 8395K, committed 9152K, reserved 1048576K
}
Event: 67.375 GC heap before
{Heap before GC invocations=87 (full 0):
 garbage-first heap   total 256000K, used 230497K [0x0000000700000000, 0x0000000800000000)
  region size 2048K, 75 young (153600K), 5 survivors (10240K)
 Metaspace       used 61129K, committed 62720K, reserved 1114112K
  class space    used 8395K, committed 9152K, reserved 1048576K
}
Event: 67.384 GC heap after
{Heap after GC invocations=88 (full 0):
 garbage-first heap   total 256000K, used 88298K [0x0000000700000000, 0x0000000800000000)
  region size 2048K, 6 young (12288K), 6 survivors (12288K)
 Metaspace       used 61129K, committed 62720K, reserved 1114112K
  class space    used 8395K, committed 9152K, reserved 1048576K
}
Event: 67.887 GC heap before
{Heap before GC invocations=88 (full 0):
 garbage-first heap   total 256000K, used 227562K [0x0000000700000000, 0x0000000800000000)
  region size 2048K, 75 young (153600K), 6 survivors (12288K)
 Metaspace       used 61131K, committed 62720K, reserved 1114112K
  class space    used 8395K, committed 9152K, reserved 1048576K
}

