# JRE version: OpenJDK Runtime Environment (21.0.9) (build 21.0.9+-14649483-b1163.86)
# Java VM: OpenJDK 64-Bit Server VM (21.0.9+-14649483-b1163.86, mixed mode, tiered, compressed oops, compressed class ptrs, g1 gc, windows-amd64)
GC Precious Log:
 CardTable entry size: 512
 Card Set container configuration: InlinePtr #cards 4 size 8 Array Of Cards #cards 16 size 48 Howl #buckets 8 coarsen threshold 3686 Howl Bitmap #cards 512 size 80 coarsen threshold 460 Card regions per heap region 1 cards per card region 4096
 CPUs: 8 total, 8 available
 Memory: 5877M
 Large Page Support: Disabled
 NUMA Support: Disabled
 Compressed Oops: Enabled (Zero based)
 Heap Region Size: 2M
 Heap Min Capacity: 8M
 Heap Initial Capacity: 92M
 Heap Max Capacity: 4G
 Pre-touch: Disabled
 Parallel Workers: 8
 Concurrent Workers: 2
 Concurrent Refinement Workers: 8
 Periodic GC: Disabled
Heap:
 garbage-first heap   total 86016K, used 42229K [0x0000000700000000, 0x0000000800000000)
  region size 2048K, 4 young (8192K), 1 survivors (2048K)
 Metaspace       used 59970K, committed 61440K, reserved 1114112K
  class space    used 8288K, committed 8960K, reserved 1048576K
GC Heap History (20 events):
Event: 9.154 GC heap before
{Heap before GC invocations=3 (full 0):
 garbage-first heap   total 94208K, used 65721K [0x0000000700000000, 0x0000000800000000)
  region size 2048K, 27 young (55296K), 1 survivors (2048K)
 Metaspace       used 12962K, committed 13120K, reserved 1114112K
  class space    used 1421K, committed 1472K, reserved 1048576K
}
Event: 9.162 GC heap after
{Heap after GC invocations=4 (full 0):
 garbage-first heap   total 94208K, used 16844K [0x0000000700000000, 0x0000000800000000)
  region size 2048K, 3 young (6144K), 3 survivors (6144K)
 Metaspace       used 12962K, committed 13120K, reserved 1114112K
  class space    used 1421K, committed 1472K, reserved 1048576K
}
Event: 13.092 GC heap before
{Heap before GC invocations=4 (full 0):
 garbage-first heap   total 94208K, used 43468K [0x0000000700000000, 0x0000000800000000)
  region size 2048K, 17 young (34816K), 3 survivors (6144K)
 Metaspace       used 21191K, committed 21504K, reserved 1114112K
  class space    used 2501K, committed 2688K, reserved 1048576K
}
Event: 13.101 GC heap after
{Heap after GC invocations=5 (full 0):
 garbage-first heap   total 94208K, used 20752K [0x0000000700000000, 0x0000000800000000)
  region size 2048K, 2 young (4096K), 2 survivors (4096K)
 Metaspace       used 21191K, committed 21504K, reserved 1114112K
  class space    used 2501K, committed 2688K, reserved 1048576K
}
Event: 17.717 GC heap before
{Heap before GC invocations=6 (full 0):
 garbage-first heap   total 75776K, used 69904K [0x0000000700000000, 0x0000000800000000)
  region size 2048K, 27 young (55296K), 2 survivors (4096K)
 Metaspace       used 29985K, committed 30464K, reserved 1114112K
  class space    used 3931K, committed 4160K, reserved 1048576K
}
Event: 17.723 GC heap after
{Heap after GC invocations=7 (full 0):
 garbage-first heap   total 81920K, used 23900K [0x0000000700000000, 0x0000000800000000)
  region size 2048K, 4 young (8192K), 4 survivors (8192K)
 Metaspace       used 29985K, committed 30464K, reserved 1114112K
  class space    used 3931K, committed 4160K, reserved 1048576K
}
Event: 19.720 GC heap before
{Heap before GC invocations=7 (full 0):
 garbage-first heap   total 81920K, used 60764K [0x0000000700000000, 0x0000000800000000)
  region size 2048K, 23 young (47104K), 4 survivors (8192K)
 Metaspace       used 35120K, committed 35968K, reserved 1114112K
  class space    used 4874K, committed 5312K, reserved 1048576K
}
Event: 19.737 GC heap after
{Heap after GC invocations=8 (full 0):
 garbage-first heap   total 81920K, used 26250K [0x0000000700000000, 0x0000000800000000)
  region size 2048K, 3 young (6144K), 3 survivors (6144K)
 Metaspace       used 35120K, committed 35968K, reserved 1114112K
  class space    used 4874K, committed 5312K, reserved 1048576K
}
Event: 19.862 GC heap before
{Heap before GC invocations=8 (full 0):
 garbage-first heap   total 81920K, used 28298K [0x0000000700000000, 0x0000000800000000)
  region size 2048K, 5 young (10240K), 3 survivors (6144K)
 Metaspace       used 35498K, committed 36288K, reserved 1114112K
  class space    used 4921K, committed 5312K, reserved 1048576K
}
Event: 19.882 GC heap after
{Heap after GC invocations=9 (full 0):
 garbage-first heap   total 81920K, used 26659K [0x0000000700000000, 0x0000000800000000)
  region size 2048K, 2 young (4096K), 2 survivors (4096K)
 Metaspace       used 35498K, committed 36288K, reserved 1114112K
  class space    used 4921K, committed 5312K, reserved 1048576K
}
Event: 22.505 GC heap before
{Heap before GC invocations=10 (full 0):
 garbage-first heap   total 81920K, used 65571K [0x0000000700000000, 0x0000000800000000)
  region size 2048K, 22 young (45056K), 2 survivors (4096K)
 Metaspace       used 42907K, committed 43840K, reserved 1114112K
  class space    used 5885K, committed 6336K, reserved 1048576K
}
Event: 22.512 GC heap after
{Heap after GC invocations=11 (full 0):
 garbage-first heap   total 81920K, used 27928K [0x0000000700000000, 0x0000000800000000)
  region size 2048K, 3 young (6144K), 3 survivors (6144K)
 Metaspace       used 42907K, committed 43840K, reserved 1114112K
  class space    used 5885K, committed 6336K, reserved 1048576K
}
Event: 24.483 GC heap before
{Heap before GC invocations=11 (full 0):
 garbage-first heap   total 81920K, used 68888K [0x0000000700000000, 0x0000000800000000)
  region size 2048K, 23 young (47104K), 3 survivors (6144K)
 Metaspace       used 48324K, committed 49600K, reserved 1114112K
  class space    used 6823K, committed 7424K, reserved 1048576K
}
Event: 24.494 GC heap after
{Heap after GC invocations=12 (full 0):
 garbage-first heap   total 81920K, used 30073K [0x0000000700000000, 0x0000000800000000)
  region size 2048K, 3 young (6144K), 3 survivors (6144K)
 Metaspace       used 48324K, committed 49600K, reserved 1114112K
  class space    used 6823K, committed 7424K, reserved 1048576K
}
Event: 26.116 GC heap before
{Heap before GC invocations=12 (full 0):
 garbage-first heap   total 81920K, used 66937K [0x0000000700000000, 0x0000000800000000)
  region size 2048K, 22 young (45056K), 3 survivors (6144K)
 Metaspace       used 54241K, committed 55552K, reserved 1114112K
  class space    used 7472K, committed 8064K, reserved 1048576K
}
Event: 26.126 GC heap after
{Heap after GC invocations=13 (full 0):
 garbage-first heap   total 81920K, used 34438K [0x0000000700000000, 0x0000000800000000)
  region size 2048K, 3 young (6144K), 3 survivors (6144K)
 Metaspace       used 54241K, committed 55552K, reserved 1114112K
  class space    used 7472K, committed 8064K, reserved 1048576K
}
Event: 29.538 GC heap before
{Heap before GC invocations=13 (full 0):
 garbage-first heap   total 81920K, used 73350K [0x0000000700000000, 0x0000000800000000)
  region size 2048K, 21 young (43008K), 3 survivors (6144K)
 Metaspace       used 58025K, committed 59456K, reserved 1114112K
  class space    used 7955K, committed 8640K, reserved 1048576K
}
Event: 29.548 GC heap after
{Heap after GC invocations=14 (full 0):
 garbage-first heap   total 86016K, used 37661K [0x0000000700000000, 0x0000000800000000)
  region size 2048K, 2 young (4096K), 2 survivors (4096K)
 Metaspace       used 58025K, committed 59456K, reserved 1114112K
  class space    used 7955K, committed 8640K, reserved 1048576K
}
Event: 29.829 GC heap before
{Heap before GC invocations=14 (full 0):
 garbage-first heap   total 86016K, used 47901K [0x0000000700000000, 0x0000000800000000)
  region size 2048K, 8 young (16384K), 2 survivors (4096K)
 Metaspace       used 59307K, committed 60736K, reserved 1114112K
  class space    used 8165K, committed 8832K, reserved 1048576K
}
Event: 29.834 GC heap after
{Heap after GC invocations=15 (full 0):
 garbage-first heap   total 86016K, used 38133K [0x0000000700000000, 0x0000000800000000)
  region size 2048K, 1 young (2048K), 1 survivors (2048K)
 Metaspace       used 59307K, committed 60736K, reserved 1114112K
  class space    used 8165K, committed 8832K, reserved 1048576K
}

