# JRE version: OpenJDK Runtime Environment (21.0.9) (build 21.0.9+-14649483-b1163.86)
# Java VM: OpenJDK 64-Bit Server VM (21.0.9+-14649483-b1163.86, mixed mode, tiered, compressed oops, compressed class ptrs, g1 gc, windows-amd64)
GC Precious Log:
 CardTable entry size: 512
 Card Set container configuration: InlinePtr #cards 4 size 8 Array Of Cards #cards 16 size 48 Howl #buckets 8 coarsen threshold 3686 Howl Bitmap #cards 512 size 80 coarsen threshold 460 Card regions per heap region 1 cards per card region 4096
 CPUs: 8 total, 8 available
 Memory: 5877M
 Large Page Support: Disabled
 NUMA Support: Disabled
 Compressed Oops: Enabled (Zero based)
 Heap Region Size: 2M
 Heap Min Capacity: 8M
 Heap Initial Capacity: 92M
 Heap Max Capacity: 4G
 Pre-touch: Disabled
 Parallel Workers: 8
 Concurrent Workers: 2
 Concurrent Refinement Workers: 8
 Periodic GC: Disabled
Heap:
 garbage-first heap   total 438272K, used 196822K [0x0000000700000000, 0x0000000800000000)
  region size 2048K, 49 young (100352K), 4 survivors (8192K)
 Metaspace       used 68318K, committed 69888K, reserved 1114112K
  class space    used 9371K, committed 10112K, reserved 1048576K
GC Heap History (20 events):
Event: 186.435 GC heap before
{Heap before GC invocations=87 (full 0):
 garbage-first heap   total 264192K, used 243239K [0x0000000700000000, 0x0000000800000000)
  region size 2048K, 77 young (157696K), 6 survivors (12288K)
 Metaspace       used 67972K, committed 69568K, reserved 1114112K
  class space    used 9337K, committed 10112K, reserved 1048576K
}
Event: 186.444 GC heap after
{Heap after GC invocations=88 (full 0):
 garbage-first heap   total 317440K, used 98278K [0x0000000700000000, 0x0000000800000000)
  region size 2048K, 6 young (12288K), 6 survivors (12288K)
 Metaspace       used 67972K, committed 69568K, reserved 1114112K
  class space    used 9337K, committed 10112K, reserved 1048576K
}
Event: 187.562 GC heap before
{Heap before GC invocations=89 (full 0):
 garbage-first heap   total 317440K, used 276454K [0x0000000700000000, 0x0000000800000000)
  region size 2048K, 93 young (190464K), 6 survivors (12288K)
 Metaspace       used 67972K, committed 69568K, reserved 1114112K
  class space    used 9337K, committed 10112K, reserved 1048576K
}
Event: 187.575 GC heap after
{Heap after GC invocations=90 (full 0):
 garbage-first heap   total 317440K, used 99834K [0x0000000700000000, 0x0000000800000000)
  region size 2048K, 7 young (14336K), 7 survivors (14336K)
 Metaspace       used 67972K, committed 69568K, reserved 1114112K
  class space    used 9337K, committed 10112K, reserved 1048576K
}
Event: 189.173 GC heap before
{Heap before GC invocations=90 (full 0):
 garbage-first heap   total 317440K, used 275962K [0x0000000700000000, 0x0000000800000000)
  region size 2048K, 93 young (190464K), 7 survivors (14336K)
 Metaspace       used 67974K, committed 69568K, reserved 1114112K
  class space    used 9337K, committed 10112K, reserved 1048576K
}
Event: 189.184 GC heap after
{Heap after GC invocations=91 (full 0):
 garbage-first heap   total 317440K, used 100629K [0x0000000700000000, 0x0000000800000000)
  region size 2048K, 7 young (14336K), 7 survivors (14336K)
 Metaspace       used 67974K, committed 69568K, reserved 1114112K
  class space    used 9337K, committed 10112K, reserved 1048576K
}
Event: 192.333 GC heap before
{Heap before GC invocations=91 (full 0):
 garbage-first heap   total 317440K, used 276757K [0x0000000700000000, 0x0000000800000000)
  region size 2048K, 93 young (190464K), 7 survivors (14336K)
 Metaspace       used 67996K, committed 69568K, reserved 1114112K
  class space    used 9337K, committed 10112K, reserved 1048576K
}
Event: 192.344 GC heap after
{Heap after GC invocations=92 (full 0):
 garbage-first heap   total 317440K, used 101333K [0x0000000700000000, 0x0000000800000000)
  region size 2048K, 7 young (14336K), 7 survivors (14336K)
 Metaspace       used 67996K, committed 69568K, reserved 1114112K
  class space    used 9337K, committed 10112K, reserved 1048576K
}
Event: 194.624 GC heap before
{Heap before GC invocations=92 (full 0):
 garbage-first heap   total 317440K, used 277461K [0x0000000700000000, 0x0000000800000000)
  region size 2048K, 93 young (190464K), 7 survivors (14336K)
 Metaspace       used 67996K, committed 69568K, reserved 1114112K
  class space    used 9337K, committed 10112K, reserved 1048576K
}
Event: 194.647 GC heap after
{Heap after GC invocations=93 (full 0):
 garbage-first heap   total 317440K, used 102100K [0x0000000700000000, 0x0000000800000000)
  region size 2048K, 7 young (14336K), 7 survivors (14336K)
 Metaspace       used 67996K, committed 69568K, reserved 1114112K
  class space    used 9337K, committed 10112K, reserved 1048576K
}
Event: 195.806 GC heap before
{Heap before GC invocations=93 (full 0):
 garbage-first heap   total 317440K, used 278228K [0x0000000700000000, 0x0000000800000000)
  region size 2048K, 93 young (190464K), 7 survivors (14336K)
 Metaspace       used 67996K, committed 69568K, reserved 1114112K
  class space    used 9337K, committed 10112K, reserved 1048576K
}
Event: 195.818 GC heap after
{Heap after GC invocations=94 (full 0):
 garbage-first heap   total 317440K, used 103390K [0x0000000700000000, 0x0000000800000000)
  region size 2048K, 7 young (14336K), 7 survivors (14336K)
 Metaspace       used 67996K, committed 69568K, reserved 1114112K
  class space    used 9337K, committed 10112K, reserved 1048576K
}
Event: 196.584 GC heap before
{Heap before GC invocations=94 (full 0):
 garbage-first heap   total 317440K, used 279518K [0x0000000700000000, 0x0000000800000000)
  region size 2048K, 93 young (190464K), 7 survivors (14336K)
 Metaspace       used 67999K, committed 69568K, reserved 1114112K
  class space    used 9337K, committed 10112K, reserved 1048576K
}
Event: 196.596 GC heap after
{Heap after GC invocations=95 (full 0):
 garbage-first heap   total 317440K, used 104190K [0x0000000700000000, 0x0000000800000000)
  region size 2048K, 7 young (14336K), 7 survivors (14336K)
 Metaspace       used 67999K, committed 69568K, reserved 1114112K
  class space    used 9337K, committed 10112K, reserved 1048576K
}
Event: 197.415 GC heap before
{Heap before GC invocations=95 (full 0):
 garbage-first heap   total 317440K, used 280318K [0x0000000700000000, 0x0000000800000000)
  region size 2048K, 93 young (190464K), 7 survivors (14336K)
 Metaspace       used 68002K, committed 69568K, reserved 1114112K
  class space    used 9337K, committed 10112K, reserved 1048576K
}
Event: 197.427 GC heap after
{Heap after GC invocations=96 (full 0):
 garbage-first heap   total 317440K, used 105411K [0x0000000700000000, 0x0000000800000000)
  region size 2048K, 7 young (14336K), 7 survivors (14336K)
 Metaspace       used 68002K, committed 69568K, reserved 1114112K
  class space    used 9337K, committed 10112K, reserved 1048576K
}
Event: 198.218 GC heap before
{Heap before GC invocations=96 (full 0):
 garbage-first heap   total 317440K, used 281539K [0x0000000700000000, 0x0000000800000000)
  region size 2048K, 93 young (190464K), 7 survivors (14336K)
 Metaspace       used 68002K, committed 69568K, reserved 1114112K
  class space    used 9337K, committed 10112K, reserved 1048576K
}
Event: 198.233 GC heap after
{Heap after GC invocations=97 (full 0):
 garbage-first heap   total 438272K, used 106141K [0x0000000700000000, 0x0000000800000000)
  region size 2048K, 7 young (14336K), 7 survivors (14336K)
 Metaspace       used 68002K, committed 69568K, reserved 1114112K
  class space    used 9337K, committed 10112K, reserved 1048576K
}
Event: 206.913 GC heap before
{Heap before GC invocations=97 (full 0):
 garbage-first heap   total 438272K, used 360093K [0x0000000700000000, 0x0000000800000000)
  region size 2048K, 128 young (262144K), 7 survivors (14336K)
 Metaspace       used 68312K, committed 69888K, reserved 1114112K
  class space    used 9371K, committed 10112K, reserved 1048576K
}
Event: 206.942 GC heap after
{Heap after GC invocations=98 (full 0):
 garbage-first heap   total 438272K, used 106710K [0x0000000700000000, 0x0000000800000000)
  region size 2048K, 4 young (8192K), 4 survivors (8192K)
 Metaspace       used 68312K, committed 69888K, reserved 1114112K
  class space    used 9371K, committed 10112K, reserved 1048576K
}

